<?xml version="1.0" encoding="UTF-8"?>
<testsuite name="helloworld.AppTest" tests="1" skipped="0" failures="0" errors="0" timestamp="2020-07-14T00:26:11" hostname="Rays-MacBook-Pro.local" time="0.861">
  <properties/>
  <testcase name="successfulResponse" classname="helloworld.AppTest" time="0.861"/>
  <system-out><![CDATA[]]></system-out>
  <system-err><![CDATA[]]></system-err>
</testsuite>
